<?xml version="1.0" encoding="UTF-8" ?>
<testsuite errors="0" failures="0" hostname="Mac" name="com.allendowney.thinkdast.ListClientExampleTest" skipped="0" tests="1" time="0.047" timestamp="2025-06-18T15:38:57">
  <properties>
    <property name="java.vendor" value="Homebrew" />
    <property name="sun.java.launcher" value="SUN_STANDARD" />
    <property name="env.XPC_SERVICE_NAME" value="0" />
    <property name="sun.management.compiler" value="HotSpot 64-Bit Tiered Compilers" />
    <property name="env.SECURITYSESSIONID" value="186b5" />
    <property name="os.name" value="Mac OS X" />
    <property name="env.TMPDIR" value="/var/folders/gx/z2lmmk6n0k71645mln74s8500000gs/T/" />
    <property name="env.PWD" value="/Users/tm/Documents/GitHub/ThinkDataStructures/code" />
    <property name="env.LANG" value="en_US.UTF-8" />
    <property name="env.CONDA_DEFAULT_ENV" value="base" />
    <property name="java.vm.specification.vendor" value="Oracle Corporation" />
    <property name="ant.home" value="/opt/homebrew/Cellar/ant/1.10.15_1/libexec" />
    <property name="java.runtime.version" value="23.0.2" />
    <property name="env.CONDA_SHLVL" value="1" />
    <property name="user.name" value="tm" />
    <property name="env.USER" value="tm" />
    <property name="env.SHELL" value="/bin/zsh" />
    <property name="env.__CF_USER_TEXT_ENCODING" value="0x1F9:0x0:0x0" />
    <property name="stdout.encoding" value="UTF-8" />
    <property name="env.PATH" value="/opt/homebrew/Cellar/openjdk/23.0.2/libexec/openjdk.jdk/Contents/Home/bin:/opt/homebrew/opt/openjdk/bin:/Applications/anaconda3/bin:/Applications/anaconda3/condabin:/opt/homebrew/opt/openjdk/bin:/Library/Frameworks/Python.framework/Versions/3.12/bin:/opt/homebrew/bin:/opt/homebrew/sbin:/Library/Frameworks/Python.framework/Versions/3.11/bin:/usr/local/bin:/System/Cryptexes/App/usr/bin:/usr/bin:/bin:/usr/sbin:/sbin:/var/run/com.apple.security.cryptexd/codex.system/bootstrap/usr/local/bin:/var/run/com.apple.security.cryptexd/codex.system/bootstrap/usr/bin:/var/run/com.apple.security.cryptexd/codex.system/bootstrap/usr/appleinternal/bin:/Library/TeX/texbin:/Applications/VMware Fusion.app/Contents/Public" />
    <property name="env.HOMEBREW_CELLAR" value="/opt/homebrew/Cellar" />
    <property name="user.language" value="en" />
    <property name="sun.boot.library.path" value="/opt/homebrew/Cellar/openjdk/23.0.2/libexec/openjdk.jdk/Contents/Home/lib" />
    <property name="ant.project.default-target" value="build" />
    <property name="env.XPC_FLAGS" value="0x0" />
    <property name="ant.project.name" value="JavaCS" />
    <property name="java.vm.compressedOopsMode" value="Zero based" />
    <property name="java.version" value="23.0.2" />
    <property name="sun.arch.data.model" value="64" />
    <property name="http.nonProxyHosts" value="local|*.local|169.254/16|*.169.254/16" />
    <property name="sun.jnu.encoding" value="UTF-8" />
    <property name="env.SHLVL" value="1" />
    <property name="file.separator" value="/" />
    <property name="java.specification.name" value="Java Platform API Specification" />
    <property name="java.class.version" value="67.0" />
    <property name="user.country" value="US" />
    <property name="ant.file.JavaCS" value="/Users/tm/Documents/GitHub/ThinkDataStructures/code/build.xml" />
    <property name="java.home" value="/opt/homebrew/Cellar/openjdk/23.0.2/libexec/openjdk.jdk/Contents/Home" />
    <property name="java.vm.info" value="mixed mode, sharing" />
    <property name="os.version" value="15.5" />
    <property name="ant.file" value="/Users/tm/Documents/GitHub/ThinkDataStructures/code/build.xml" />
    <property name="env.LOGNAME" value="tm" />
    <property name="env.CONDA_EXE" value="/Applications/anaconda3/bin/conda" />
    <property name="env.TERM_PROGRAM_VERSION" value="455.1" />
    <property name="path.separator" value=":" />
    <property name="java.vm.version" value="23.0.2" />
    <property name="ant.library.dir" value="/opt/homebrew/Cellar/ant/1.10.15_1/libexec/lib" />
    <property name="stderr.encoding" value="UTF-8" />
    <property name="env.__CFBundleIdentifier" value="com.apple.Terminal" />
    <property name="junit.output.dir" value="junit" />
    <property name="env.HOMEBREW_PREFIX" value="/opt/homebrew" />
    <property name="env.JAVA_HOME" value="/opt/homebrew/Cellar/openjdk/23.0.2/libexec/openjdk.jdk/Contents/Home" />
    <property name="env.TERM" value="xterm-color" />
    <property name="sun.io.unicode.encoding" value="UnicodeBig" />
    <property name="socksNonProxyHosts" value="local|*.local|169.254/16|*.169.254/16" />
    <property name="ftp.nonProxyHosts" value="local|*.local|169.254/16|*.169.254/16" />
    <property name="env.GSETTINGS_SCHEMA_DIR" value="/Applications/anaconda3/share/glib-2.0/schemas" />
    <property name="target" value="1.8" />
    <property name="user.home" value="/Users/tm" />
    <property name="java.version.date" value="2025-01-21" />
    <property name="java.specification.vendor" value="Oracle Corporation" />
    <property name="env.TERM_PROGRAM" value="Apple_Terminal" />
    <property name="env.CONDA_PREFIX" value="/Applications/anaconda3" />
    <property name="java.library.path" value="/Users/tm/Library/Java/Extensions:/Library/Java/Extensions:/Network/Library/Java/Extensions:/System/Library/Java/Extensions:/usr/lib/java:." />
    <property name="env.HOMEBREW_REPOSITORY" value="/opt/homebrew" />
    <property name="java.vendor.url" value="https://github.com/Homebrew/homebrew-core/issues" />
    <property name="java.vm.vendor" value="Homebrew" />
    <property name="env.LaunchInstanceID" value="2A8B5020-E4A9-4129-A5E2-87964DE35F5F" />
    <property name="java.runtime.name" value="OpenJDK Runtime Environment" />
    <property name="sun.java.command" value="org.apache.tools.ant.taskdefs.optional.junit.JUnitTestRunner com.allendowney.thinkdast.ListClientExampleTest skipNonTests=false filtertrace=true haltOnError=false haltOnFailure=false formatter=org.apache.tools.ant.taskdefs.optional.junit.OutErrSummaryJUnitResultFormatter showoutput=false outputtoformatters=true logfailedtests=true threadid=0 logtestlistenerevents=false formatter=org.apache.tools.ant.taskdefs.optional.junit.XMLJUnitResultFormatter,/Users/tm/Documents/GitHub/ThinkDataStructures/code/junit/TEST-com.allendowney.thinkdast.ListClientExampleTest.xml crashfile=/Users/tm/Documents/GitHub/ThinkDataStructures/code/junitvmwatcher1442405583822337268.properties propsfile=/Users/tm/Documents/GitHub/ThinkDataStructures/code/junit4656293657310953766.properties" />
    <property name="java.class.path" value="/Users/tm/Documents/GitHub/ThinkDataStructures/code/bin:/Users/tm/Documents/GitHub/ThinkDataStructures/code/lib/jedis-2.8.0.jar:/Users/tm/Documents/GitHub/ThinkDataStructures/code/lib/jsoup-1.8.3.jar:/Users/tm/Documents/GitHub/ThinkDataStructures/code/lib/junit-4.12.jar:/Users/tm/Documents/GitHub/ThinkDataStructures/code/lib/hamcrest-core-1.3.jar:/Users/tm/Documents/GitHub/ThinkDataStructures/code/lib/jcommon-1.0.23.jar:/Users/tm/Documents/GitHub/ThinkDataStructures/code/lib/jfreechart-1.0.19.jar:/Users/tm/Documents/GitHub/ThinkDataStructures/code/lib/servlet.jar:/Users/tm/Documents/GitHub/ThinkDataStructures/code/lib/ant-junit.jar:/Users/tm/Documents/GitHub/ThinkDataStructures/code/lib/commons-math3-3.6.jar:/Users/tm/Documents/GitHub/ThinkDataStructures/code/lib/hamcrest-library-1.3.jar:/opt/homebrew/Cellar/ant/1.10.15_1/libexec/lib/ant-launcher.jar:/opt/homebrew/Cellar/ant/1.10.15_1/libexec/lib/ant.jar:/opt/homebrew/Cellar/ant/1.10.15_1/libexec/lib/ant-junit.jar:/opt/homebrew/Cellar/ant/1.10.15_1/libexec/lib/ant-junit4.jar" />
    <property name="ant.version" value="Apache Ant(TM) version 1.10.15 compiled on August 25 2024" />
    <property name="env.TERM_SESSION_ID" value="7614B17E-82C6-40FD-8382-1CE2418A4AE5" />
    <property name="native.encoding" value="UTF-8" />
    <property name="jdk.debug" value="release" />
    <property name="ant.file.type.JavaCS" value="file" />
    <property name="env._CE_M" value="" />
    <property name="java.vm.specification.name" value="Java Virtual Machine Specification" />
    <property name="ant.file.type" value="file" />
    <property name="java.vm.specification.version" value="23" />
    <property name="sun.cpu.endian" value="little" />
    <property name="debuglevel" value="source,lines,vars" />
    <property name="env.HOME" value="/Users/tm" />
    <property name="java.io.tmpdir" value="/var/folders/gx/z2lmmk6n0k71645mln74s8500000gs/T/" />
    <property name="java.vendor.url.bug" value="https://github.com/Homebrew/homebrew-core/issues" />
    <property name="env.SSH_AUTH_SOCK" value="/private/tmp/com.apple.launchd.EWTglatkCL/Listeners" />
    <property name="env.CONDA_PYTHON_EXE" value="/Applications/anaconda3/bin/python" />
    <property name="os.arch" value="aarch64" />
    <property name="user.dir" value="/Users/tm/Documents/GitHub/ThinkDataStructures/code" />
    <property name="env.GSETTINGS_SCHEMA_DIR_CONDA_BACKUP" value="" />
    <property name="apple.awt.application.name" value="JUnitTestRunner" />
    <property name="env.INFOPATH" value="/opt/homebrew/share/info:" />
    <property name="line.separator" value="&#xa;" />
    <property name="java.vm.name" value="OpenJDK 64-Bit Server VM" />
    <property name="env._CE_CONDA" value="" />
    <property name="basedir" value="/Users/tm/Documents/GitHub/ThinkDataStructures/code" />
    <property name="ant.java.version" value="23" />
    <property name="ant.core.lib" value="/opt/homebrew/Cellar/ant/1.10.15_1/libexec/lib/ant.jar" />
    <property name="env.CONDA_PROMPT_MODIFIER" value="(base) " />
    <property name="source" value="1.8" />
    <property name="file.encoding" value="UTF-8" />
    <property name="java.specification.version" value="23" />
    <property name="ant.project.invoked-targets" value="ListClientExampleTest" />
    <property name="java.vendor.version" value="Homebrew" />
  </properties>
  <testcase classname="com.allendowney.thinkdast.ListClientExampleTest" name="testListClientExample" time="0.003" />
  <system-out><![CDATA[]]></system-out>
  <system-err><![CDATA[]]></system-err>
</testsuite>
